<?xml version="1.0" encoding="UTF-8"?>
<!-- Generated by org.testng.reporters.JUnitReportReporter -->
<testsuite hostname="PINENOIL16097" failures="0" tests="6" name="com.pinelabs.RnD.WebUITest.PCUILoginTest" time="55.840" errors="0" timestamp="2022-04-22T10:22:34 IST" skipped="0">
  <testcase classname="com.pinelabs.RnD.WebUITest.PCUILoginTest" name="login" time="7.834"/>
  <system-out/>
  <testcase classname="com.pinelabs.RnD.WebUITest.PCUILoginTest" name="login" time="7.649"/>
  <system-out/>
  <testcase classname="com.pinelabs.RnD.WebUITest.PCUILoginTest" name="login" time="8.406"/>
  <system-out/>
  <testcase classname="com.pinelabs.RnD.WebUITest.PCUILoginTest" name="login" time="8.896"/>
  <system-out/>
  <testcase classname="com.pinelabs.RnD.WebUITest.PCUILoginTest" name="login" time="12.894"/>
  <system-out/>
  <testcase classname="com.pinelabs.RnD.WebUITest.PCUILoginTest" name="login" time="10.161"/>
  <system-out/>
</testsuite> <!-- com.pinelabs.RnD.WebUITest.PCUILoginTest -->
