<?xml version="1.0" encoding="UTF-8"?>
<!-- Generated by org.testng.reporters.JUnitReportReporter -->
<testsuite hostname="PINENOIL16097" failures="0" tests="3" name="com.pinelabs.RnD.WebUITest.CreateMerchantTest" time="13.306" errors="0" timestamp="2022-04-22T10:22:34 IST" skipped="0">
  <testcase classname="com.pinelabs.RnD.WebUITest.CreateMerchantTest" name="CreateMerchant" time="4.547"/>
  <system-out/>
  <testcase classname="com.pinelabs.RnD.WebUITest.CreateMerchantTest" name="CreateMerchant" time="4.897"/>
  <system-out/>
  <testcase classname="com.pinelabs.RnD.WebUITest.CreateMerchantTest" name="CreateMerchant" time="3.862"/>
  <system-out/>
</testsuite> <!-- com.pinelabs.RnD.WebUITest.CreateMerchantTest -->
